1583451763029	mozrunner::runner	INFO	Running command: "/usr/bin/firefox" "-marionette" "-headless" "-foreground" "-no-remote" "-profile" "/tmp/rust_mozprofile1st9Q3"
*** You are running in headless mode.
1583451763433	addons.webextension.doh-rollout@mozilla.org	WARN	Loading extension 'doh-rollout@mozilla.org': Reading manifest: Invalid extension permission: networkStatus
1583451763909	addons.webextension.screenshots@mozilla.org	WARN	Loading extension 'screenshots@mozilla.org': Reading manifest: Invalid extension permission: mozillaAddons
1583451763910	addons.webextension.screenshots@mozilla.org	WARN	Loading extension 'screenshots@mozilla.org': Reading manifest: Invalid extension permission: telemetry
1583451763911	addons.webextension.screenshots@mozilla.org	WARN	Loading extension 'screenshots@mozilla.org': Reading manifest: Invalid extension permission: resource://pdf.js/
1583451763911	addons.webextension.screenshots@mozilla.org	WARN	Loading extension 'screenshots@mozilla.org': Reading manifest: Invalid extension permission: about:reader*
1583451767066	Marionette	INFO	Listening on port 33669
1583451767182	Marionette	WARN	TLS certificate errors will be ignored for this session
JavaScript error: http://academico.unemat.br/miolo20/html/scripts/sagu.js, line 1: SyntaxError: expected expression, got '<'
JavaScript warning: http://academico.unemat.br/miolo20/html/scripts/jquery-1.3.2.min.js, line 19: unreachable code after return statement
1583451781003	Marionette	INFO	Stopped listening on port 33669
1583456297198	mozrunner::runner	INFO	Running command: "/usr/bin/firefox" "-marionette" "-headless" "-foreground" "-no-remote" "-profile" "/tmp/rust_mozprofileAXZ7sk"
*** You are running in headless mode.
1583456298241	addons.webextension.doh-rollout@mozilla.org	WARN	Loading extension 'doh-rollout@mozilla.org': Reading manifest: Invalid extension permission: networkStatus
1583456299219	addons.webextension.screenshots@mozilla.org	WARN	Loading extension 'screenshots@mozilla.org': Reading manifest: Invalid extension permission: mozillaAddons
1583456299220	addons.webextension.screenshots@mozilla.org	WARN	Loading extension 'screenshots@mozilla.org': Reading manifest: Invalid extension permission: telemetry
1583456299220	addons.webextension.screenshots@mozilla.org	WARN	Loading extension 'screenshots@mozilla.org': Reading manifest: Invalid extension permission: resource://pdf.js/
1583456299220	addons.webextension.screenshots@mozilla.org	WARN	Loading extension 'screenshots@mozilla.org': Reading manifest: Invalid extension permission: about:reader*
1583456303957	Marionette	INFO	Listening on port 44865
1583456304043	Marionette	WARN	TLS certificate errors will be ignored for this session
JavaScript error: http://academico.unemat.br/miolo20/html/scripts/sagu.js, line 1: SyntaxError: expected expression, got '<'
JavaScript warning: http://academico.unemat.br/miolo20/html/scripts/jquery-1.3.2.min.js, line 19: unreachable code after return statement
1583456319750	Marionette	INFO	Stopped listening on port 44865
